#
# There is insufficient memory for the Java Runtime Environment to continue.
# Native memory allocation (mmap) failed to map 264241152 bytes for G1 virtual space
# Possible reasons:
#   The system is out of physical RAM or swap space
#   The process is running with CompressedOops enabled, and the Java Heap may be blocking the growth of the native heap
# Possible solutions:
#   Reduce memory load on the system
#   Increase physical memory or swap space
#   Check if swap backing store is full
#   Decrease Java heap size (-Xmx/-Xms)
#   Decrease number of Java threads
#   Decrease Java thread stack sizes (-Xss)
#   Set larger code cache with -XX:ReservedCodeCacheSize=
#   JVM is running with Zero Based Compressed Oops mode in which the Java heap is
#     placed in the first 32GB address space. The Java Heap base address is the
#     maximum limit for the native heap growth. Please use -XX:HeapBaseMinAddress
#     to set the Java Heap base and to place the Java Heap above 32GB virtual address.
# This output file may be truncated or incomplete.
#
#  Out of Memory Error (os_windows.cpp:3829), pid=14696, tid=33600
#
# JRE version:  (17.0.8.1+7) (build )
# Java VM: OpenJDK 64-Bit Server VM (17.0.8.1+7-b1000.32, mixed mode, sharing, tiered, compressed oops, compressed class ptrs, g1 gc, windows-amd64)
# No core dump will be written. Minidumps are not enabled by default on client versions of Windows
#

---------------  S U M M A R Y ------------

Command Line: git4idea.http.GitAskPassApp Username for 'https://github.com': 

Host: 13th Gen Intel(R) Core(TM) i5-1335U, 12 cores, 15G,  Windows 11 , 64 bit Build 26100 (10.0.26100.2200)
Time: Thu Nov 14 17:07:26 2024  Windows 11 , 64 bit Build 26100 (10.0.26100.2200) elapsed time: 1.234342 seconds (0d 0h 0m 1s)

---------------  T H R E A D  ---------------

Current thread (0x000002c5fab47ed0):  JavaThread "Unknown thread" [_thread_in_vm, id=33600, stack(0x000000cf1fb00000,0x000000cf1fc00000)]

Stack: [0x000000cf1fb00000,0x000000cf1fc00000]
Native frames: (J=compiled Java code, j=interpreted, Vv=VM code, C=native code)
V  [jvm.dll+0x6852da]
V  [jvm.dll+0x844c84]
V  [jvm.dll+0x84659e]
V  [jvm.dll+0x846c03]
V  [jvm.dll+0x24b7cf]
V  [jvm.dll+0x682049]
V  [jvm.dll+0x67671a]
V  [jvm.dll+0x30be2b]
V  [jvm.dll+0x3132d6]
V  [jvm.dll+0x36302e]
V  [jvm.dll+0x36325f]
V  [jvm.dll+0x2e1f48]
V  [jvm.dll+0x2e2eb4]
V  [jvm.dll+0x815c11]
V  [jvm.dll+0x370df1]
V  [jvm.dll+0x7f4fdc]
V  [jvm.dll+0x3f3f1f]
V  [jvm.dll+0x3f5b31]
C  [jli.dll+0x528f]
C  [ucrtbase.dll+0x14ea0]
C  [KERNEL32.DLL+0x2dbe7]
C  [ntdll.dll+0xdfbec]


---------------  P R O C E S S  ---------------

Threads class SMR info:
_java_thread_list=0x00007fffe33b00d8, length=0, elements={
}

Java Threads: ( => current thread )

Other Threads:
  0x000002c5fabb5780 GCTaskThread "GC Thread#0" [stack: 0x000000cf1fc00000,0x000000cf1fd00000] [id=7660]
  0x000002c5fabc7750 ConcurrentGCThread "G1 Main Marker" [stack: 0x000000cf1fd00000,0x000000cf1fe00000] [id=17608]
  0x000002c5fabc8900 ConcurrentGCThread "G1 Conc#0" [stack: 0x000000cf1fe00000,0x000000cf1ff00000] [id=16264]

[error occurred during error reporting (printing all threads), id 0xc0000005, EXCEPTION_ACCESS_VIOLATION (0xc0000005) at pc=0x00007fffe2b62ab7]

VM state: not at safepoint (not fully initialized)

VM Mutex/Monitor currently owned by a thread:  ([mutex/lock_event])
[0x000002c5fab431c0] Heap_lock - owner thread: 0x000002c5fab47ed0

Heap address: 0x0000000704600000, size: 4026 MB, Compressed Oops mode: Zero based, Oop shift amount: 3

CDS archive(s) mapped at: [0x0000000000000000-0x0000000000000000-0x0000000000000000), size 0, SharedBaseAddress: 0x0000000800000000, ArchiveRelocationMode: 1.
Narrow klass base: 0x0000000000000000, Narrow klass shift: 0, Narrow klass range: 0x0

GC Precious Log:
<Empty>

Heap:
 garbage-first heap   total 0K, used 0K [0x0000000704600000, 0x0000000800000000)
  region size 2048K, 0 young (0K), 0 survivors (0K)
 Metaspace       used 0K, committed 0K, reserved 0K
  class space    used 0K, committed 0K, reserved 0K

Heap Regions: E=young(eden), S=young(survivor), O=old, HS=humongous(starts), HC=humongous(continues), CS=collection set, F=free, OA=open archive, CA=closed archive, TAMS=top-at-mark-start (previous, next)

Card table byte_map: [0x000002c590070000,0x000002c590850000] _byte_map_base: 0x000002c58c84d000

Marking Bits (Prev, Next): (CMBitMap*) 0x000002c5fabb5da0, (CMBitMap*) 0x000002c5fabb5de0
 Prev Bits: [0x000002c591030000, 0x000002c594f18000)
 Next Bits: [0x000002c594f20000, 0x000002c598e08000)

GC Heap History (0 events):
No events

Dll operation events (1 events):
Event: 0.014 Loaded shared library C:\Program Files\JetBrains\IntelliJ IDEA Community Edition 2023.2.2\jbr\bin\java.dll

Deoptimization events (0 events):
No events

Classes unloaded (0 events):
No events

Classes redefined (0 events):
No events

Internal exceptions (0 events):
No events

VM Operations (0 events):
No events

Events (0 events):
No events


Dynamic libraries:
0x00007ff7fc940000 - 0x00007ff7fc94a000 	C:\Program Files\JetBrains\IntelliJ IDEA Community Edition 2023.2.2\jbr\bin\java.exe
0x00007ff855220000 - 0x00007ff855483000 	C:\WINDOWS\SYSTEM32\ntdll.dll
0x00007ff8544e0000 - 0x00007ff8545a8000 	C:\WINDOWS\System32\KERNEL32.DLL
0x00007ff852600000 - 0x00007ff8529b1000 	C:\WINDOWS\System32\KERNELBASE.dll
0x00007ff852cb0000 - 0x00007ff852dfb000 	C:\WINDOWS\System32\ucrtbase.dll
0x00007ff846240000 - 0x00007ff846257000 	C:\Program Files\JetBrains\IntelliJ IDEA Community Edition 2023.2.2\jbr\bin\jli.dll
0x00007ff83f1a0000 - 0x00007ff83f1bb000 	C:\Program Files\JetBrains\IntelliJ IDEA Community Edition 2023.2.2\jbr\bin\VCRUNTIME140.dll
0x00007ff853090000 - 0x00007ff853258000 	C:\WINDOWS\System32\USER32.dll
0x00007ff8529c0000 - 0x00007ff8529e7000 	C:\WINDOWS\System32\win32u.dll
0x00007ff853990000 - 0x00007ff8539ba000 	C:\WINDOWS\System32\GDI32.dll
0x00007ff852ec0000 - 0x00007ff852feb000 	C:\WINDOWS\System32\gdi32full.dll
0x00007ff841df0000 - 0x00007ff842080000 	C:\WINDOWS\WinSxS\amd64_microsoft.windows.common-controls_6595b64144ccf1df_6.0.26100.2130_none_3e09c39ae333133b\COMCTL32.dll
0x00007ff8529f0000 - 0x00007ff852a93000 	C:\WINDOWS\System32\msvcp_win.dll
0x00007ff854640000 - 0x00007ff8546e9000 	C:\WINDOWS\System32\msvcrt.dll
0x00007ff8547e0000 - 0x00007ff85480f000 	C:\WINDOWS\System32\IMM32.DLL
0x00007ff848920000 - 0x00007ff84892c000 	C:\Program Files\JetBrains\IntelliJ IDEA Community Edition 2023.2.2\jbr\bin\vcruntime140_1.dll
0x00007ff80c510000 - 0x00007ff80c59d000 	C:\Program Files\JetBrains\IntelliJ IDEA Community Edition 2023.2.2\jbr\bin\msvcp140.dll
0x00007fffe2870000 - 0x00007fffe34f3000 	C:\Program Files\JetBrains\IntelliJ IDEA Community Edition 2023.2.2\jbr\bin\server\jvm.dll
0x00007ff854ce0000 - 0x00007ff854d93000 	C:\WINDOWS\System32\ADVAPI32.dll
0x00007ff853270000 - 0x00007ff853316000 	C:\WINDOWS\System32\sechost.dll
0x00007ff854ab0000 - 0x00007ff854bc6000 	C:\WINDOWS\System32\RPCRT4.dll
0x00007ff848e20000 - 0x00007ff848e2a000 	C:\WINDOWS\SYSTEM32\WSOCK32.dll
0x00007ff843fd0000 - 0x00007ff844006000 	C:\WINDOWS\SYSTEM32\WINMM.dll
0x00007ff854c60000 - 0x00007ff854cd4000 	C:\WINDOWS\System32\WS2_32.dll
0x00007ff841320000 - 0x00007ff84132b000 	C:\WINDOWS\SYSTEM32\VERSION.dll
0x00007ff852490000 - 0x00007ff8524de000 	C:\WINDOWS\SYSTEM32\POWRPROF.dll
0x00007ff852470000 - 0x00007ff852484000 	C:\WINDOWS\SYSTEM32\UMPDC.dll
0x00007ff851430000 - 0x00007ff85144a000 	C:\WINDOWS\SYSTEM32\kernel.appcore.dll
0x00007ff849680000 - 0x00007ff84968a000 	C:\Program Files\JetBrains\IntelliJ IDEA Community Edition 2023.2.2\jbr\bin\jimage.dll
0x00007ff84fe30000 - 0x00007ff850071000 	C:\WINDOWS\SYSTEM32\DBGHELP.DLL
0x00007ff854150000 - 0x00007ff8544cd000 	C:\WINDOWS\System32\combase.dll
0x00007ff855030000 - 0x00007ff855106000 	C:\WINDOWS\System32\OLEAUT32.dll
0x00007ff843f70000 - 0x00007ff843fa9000 	C:\WINDOWS\SYSTEM32\dbgcore.DLL
0x00007ff852ff0000 - 0x00007ff853089000 	C:\WINDOWS\System32\bcryptPrimitives.dll
0x00007ff846520000 - 0x00007ff846545000 	C:\Program Files\JetBrains\IntelliJ IDEA Community Edition 2023.2.2\jbr\bin\java.dll

dbghelp: loaded successfully - version: 4.0.5 - missing functions: none
symbol engine: initialized successfully - sym options: 0x614 - pdb path: .;C:\Program Files\JetBrains\IntelliJ IDEA Community Edition 2023.2.2\jbr\bin;C:\WINDOWS\SYSTEM32;C:\WINDOWS\WinSxS\amd64_microsoft.windows.common-controls_6595b64144ccf1df_6.0.26100.2130_none_3e09c39ae333133b;C:\Program Files\JetBrains\IntelliJ IDEA Community Edition 2023.2.2\jbr\bin\server

VM Arguments:
java_command: git4idea.http.GitAskPassApp Username for 'https://github.com': 
java_class_path (initial): C:/Program Files/JetBrains/IntelliJ IDEA Community Edition 2023.2.2/plugins/vcs-git/lib/git4idea-rt.jar;C:/Program Files/JetBrains/IntelliJ IDEA Community Edition 2023.2.2/lib/externalProcess-rt.jar
Launcher Type: SUN_STANDARD

[Global flags]
     intx CICompilerCount                          = 4                                         {product} {ergonomic}
     uint ConcGCThreads                            = 3                                         {product} {ergonomic}
     uint G1ConcRefinementThreads                  = 10                                        {product} {ergonomic}
   size_t G1HeapRegionSize                         = 2097152                                   {product} {ergonomic}
    uintx GCDrainStackTargetSize                   = 64                                        {product} {ergonomic}
   size_t InitialHeapSize                          = 264241152                                 {product} {ergonomic}
   size_t MarkStackSize                            = 4194304                                   {product} {ergonomic}
   size_t MaxHeapSize                              = 4221566976                                {product} {ergonomic}
   size_t MinHeapDeltaBytes                        = 2097152                                   {product} {ergonomic}
   size_t MinHeapSize                              = 8388608                                   {product} {ergonomic}
    uintx NonNMethodCodeHeapSize                   = 5839372                                {pd product} {ergonomic}
    uintx NonProfiledCodeHeapSize                  = 122909434                              {pd product} {ergonomic}
    uintx ProfiledCodeHeapSize                     = 122909434                              {pd product} {ergonomic}
    uintx ReservedCodeCacheSize                    = 251658240                              {pd product} {ergonomic}
     bool SegmentedCodeCache                       = true                                      {product} {ergonomic}
   size_t SoftMaxHeapSize                          = 4221566976                             {manageable} {ergonomic}
     bool UseCompressedClassPointers               = true                           {product lp64_product} {ergonomic}
     bool UseCompressedOops                        = true                           {product lp64_product} {ergonomic}
     bool UseG1GC                                  = true                                      {product} {ergonomic}
     bool UseLargePagesIndividualAllocation        = false                                  {pd product} {ergonomic}

Logging:
Log output configuration:
 #0: stdout all=warning uptime,level,tags
 #1: stderr all=off uptime,level,tags

Environment Variables:
PATH=C:\Program Files\Git\mingw64\libexec\git-core;C:\Program Files\Git\mingw64\libexec\git-core;C:\Program Files\Git\mingw64\bin;C:\Program Files\Git\usr\bin;C:\Users\wltjd\bin;C:\Program Files\Common Files\Oracle\Java\javapath;C:\WINDOWS\system32;C:\WINDOWS;C:\WINDOWS\System32\Wbem;C:\WINDOWS\System32\WindowsPowerShell\v1.0;C:\WINDOWS\System32\OpenSSH;C:\Program Files\Bandizip;C:\Program Files\Git\cmd;C:\Program Files\PostgreSQL\14\bin;C:\Program Files\nodejs;C:\Program Files\Docker\Docker\resources\bin;C:\ProgramData\chocolatey\bin;C:\Users\wltjd\AppData\Local\Microsoft\WindowsApps;C:\Program Files\MariaDB 11.3\bin;C:\Program Files\PostgreSQL\14\bin;C:\Users\wltjd\AppData\Roaming\npm
USERNAME=wltjd
DISPLAY=:0.0
LC_ALL=en_US.UTF-8
TERM=xterm-256color
TMPDIR=C:\Users\wltjd\AppData\Local\Temp
OS=Windows_NT
PROCESSOR_IDENTIFIER=Intel64 Family 6 Model 186 Stepping 3, GenuineIntel
TMP=C:\Users\wltjd\AppData\Local\Temp
TEMP=C:\Users\wltjd\AppData\Local\Temp


JNI global refs:
JNI global refs: 0, weak refs: 0

JNI global refs memory usage: 0, weak refs: 0

OOME stack traces (most recent first):
Classloader memory used:


---------------  S Y S T E M  ---------------

OS:
 Windows 11 , 64 bit Build 26100 (10.0.26100.2200)
OS uptime: 19 days 12:01 hours
Hyper-V role detected

CPU: total 12 (initial active 12) (6 cores per cpu, 2 threads per core) family 6 model 186 stepping 3 microcode 0x410e, cx8, cmov, fxsr, ht, mmx, 3dnowpref, sse, sse2, sse3, ssse3, sse4.1, sse4.2, popcnt, lzcnt, tsc, tscinvbit, avx, avx2, aes, erms, clmul, bmi1, bmi2, adx, sha, fma, vzeroupper, clflush, clflushopt, clwb, hv
Processor Information for processor 0
  Max Mhz: 2500, Current Mhz: 1370, Mhz Limit: 1350
Processor Information for processor 1
  Max Mhz: 2500, Current Mhz: 1370, Mhz Limit: 1350
Processor Information for processor 2
  Max Mhz: 2500, Current Mhz: 1370, Mhz Limit: 1350
Processor Information for processor 3
  Max Mhz: 2500, Current Mhz: 1370, Mhz Limit: 1350
Processor Information for processor 4
  Max Mhz: 2500, Current Mhz: 900, Mhz Limit: 900
Processor Information for processor 5
  Max Mhz: 2500, Current Mhz: 900, Mhz Limit: 900
Processor Information for processor 6
  Max Mhz: 2500, Current Mhz: 900, Mhz Limit: 900
Processor Information for processor 7
  Max Mhz: 2500, Current Mhz: 900, Mhz Limit: 900
Processor Information for processor 8
  Max Mhz: 2500, Current Mhz: 900, Mhz Limit: 900
Processor Information for processor 9
  Max Mhz: 2500, Current Mhz: 900, Mhz Limit: 900
Processor Information for processor 10
  Max Mhz: 2500, Current Mhz: 900, Mhz Limit: 900
Processor Information for processor 11
  Max Mhz: 2500, Current Mhz: 900, Mhz Limit: 900

Memory: 4k page, system-wide physical 16098M (1868M free)
TotalPageFile size 65250M (AvailPageFile size 205M)
current process WorkingSet (physical memory assigned to process): 12M, peak: 12M
current process commit charge ("private bytes"): 64M, peak: 316M

vm_info: OpenJDK 64-Bit Server VM (17.0.8.1+7-b1000.32) for windows-amd64 JRE (17.0.8.1+7-b1000.32), built on 2023-09-15 by "builduser" with MS VC++ 16.10 / 16.11 (VS2019)

END.
